#
# There is insufficient memory for the Java Runtime Environment to continue.
# Native memory allocation (malloc) failed to allocate 2446432 bytes for Chunk::new
# Possible reasons:
#   The system is out of physical RAM or swap space
#   The process is running with CompressedOops enabled, and the Java Heap may be blocking the growth of the native heap
# Possible solutions:
#   Reduce memory load on the system
#   Increase physical memory or swap space
#   Check if swap backing store is full
#   Decrease Java heap size (-Xmx/-Xms)
#   Decrease number of Java threads
#   Decrease Java thread stack sizes (-Xss)
#   Set larger code cache with -XX:ReservedCodeCacheSize=
#   JVM is running with Unscaled Compressed Oops mode in which the Java heap is
#     placed in the first 4GB address space. The Java Heap base address is the
#     maximum limit for the native heap growth. Please use -XX:HeapBaseMinAddress
#     to set the Java Heap base and to place the Java Heap above 4GB virtual address.
# This output file may be truncated or incomplete.
#
#  Out of Memory Error (allocation.cpp:389), pid=1192, tid=0x0000000000000f28
#
# JRE version: OpenJDK Runtime Environment (8.0_212-b04) (build 1.8.0_212-release-1586-b04)
# Java VM: OpenJDK 64-Bit Server VM (25.212-b04 mixed mode windows-amd64 compressed oops)
# Failed to write core dump. Minidumps are not enabled by default on client versions of Windows
#

---------------  T H R E A D  ---------------

Current thread (0x00000000185ed800):  JavaThread "C2 CompilerThread0" daemon [_thread_in_native, id=3880, stack(0x0000000018ec0000,0x0000000018fc0000)]

Stack: [0x0000000018ec0000,0x0000000018fc0000]
[error occurred during error reporting (printing stack bounds), id 0xc0000005]

Native frames: (J=compiled Java code, j=interpreted, Vv=VM code, C=native code)


Current CompileTask:
C2:7827259 27204       4       org.gradle.api.internal.artifacts.ivyservice.resolveengine.graph.builder.DependencyGraphBuilder::resolveEdges (30 bytes)


---------------  P R O C E S S  ---------------

Java Threads: ( => current thread )
  0x000000001db92000 JavaThread "stdout" [_thread_in_native, id=3004, stack(0x0000000029ad0000,0x0000000029bd0000)]
  0x000000001db8c800 JavaThread "stderr" [_thread_in_native, id=12152, stack(0x00000000299d0000,0x0000000029ad0000)]
  0x000000001db90800 JavaThread "pool-48-thread-1" [_thread_blocked, id=11788, stack(0x00000000298d0000,0x00000000299d0000)]
  0x000000001db8f800 JavaThread "ForkJoinPool.commonPool-worker-6" daemon [_thread_blocked, id=10448, stack(0x00000000297d0000,0x00000000298d0000)]
  0x000000001db8c000 JavaThread "Cache worker for execution history cache (C:\Users\ACER\Desktop\BookManager_PS09981\.gradle\5.4.1\executionHistory)" [_thread_blocked, id=10716, stack(0x0000000029560000,0x0000000029660000)]
  0x00000000209f1000 JavaThread "Execution worker for ':' Thread 7" [_thread_blocked, id=15896, stack(0x0000000029460000,0x0000000029560000)]
  0x00000000209f0000 JavaThread "Execution worker for ':' Thread 6" [_thread_blocked, id=14864, stack(0x0000000029360000,0x0000000029460000)]
  0x00000000209f6800 JavaThread "Execution worker for ':' Thread 5" [_thread_blocked, id=16124, stack(0x0000000029260000,0x0000000029360000)]
  0x00000000209f4000 JavaThread "Execution worker for ':' Thread 4" [_thread_blocked, id=15304, stack(0x0000000028d60000,0x0000000028e60000)]
  0x00000000209e8800 JavaThread "Execution worker for ':' Thread 3" [_thread_blocked, id=5028, stack(0x0000000028a60000,0x0000000028b60000)]
  0x00000000209ee800 JavaThread "Execution worker for ':' Thread 2" [_thread_in_native, id=7824, stack(0x0000000028960000,0x0000000028a60000)]
  0x00000000209ee000 JavaThread "Execution worker for ':'" [_thread_blocked, id=6072, stack(0x0000000028860000,0x0000000028960000)]
  0x00000000209ef800 JavaThread "Cache worker for file content cache (C:\Users\ACER\Desktop\BookManager_PS09981\.gradle\5.4.1\fileContent)" [_thread_blocked, id=3580, stack(0x0000000028460000,0x0000000028560000)]
  0x00000000209ec800 JavaThread "Cache worker for Build Output Cleanup Cache (C:\Users\ACER\Desktop\BookManager_PS09981\.gradle\buildOutputCleanup)" [_thread_blocked, id=12528, stack(0x0000000028160000,0x0000000028260000)]
  0x00000000209ed000 JavaThread "pool-47-thread-1" [_thread_blocked, id=10740, stack(0x0000000028060000,0x0000000028160000)]
  0x00000000209eb000 JavaThread "Build operations Thread 8" [_thread_blocked, id=14516, stack(0x0000000027f60000,0x0000000028060000)]
  0x00000000209e9800 JavaThread "Build operations Thread 7" [_thread_blocked, id=12924, stack(0x0000000027e60000,0x0000000027f60000)]
  0x00000000209ea000 JavaThread "Build operations Thread 6" [_thread_blocked, id=16296, stack(0x0000000027960000,0x0000000027a60000)]
  0x00000000209e7000 JavaThread "Build operations Thread 5" [_thread_blocked, id=6648, stack(0x0000000027860000,0x0000000027960000)]
  0x00000000209e8000 JavaThread "Build operations Thread 4" [_thread_blocked, id=3608, stack(0x0000000027760000,0x0000000027860000)]
  0x000000001c17a000 JavaThread "Build operations Thread 3" [_thread_blocked, id=13188, stack(0x0000000027660000,0x0000000027760000)]
  0x000000001c17b800 JavaThread "Build operations Thread 2" [_thread_blocked, id=15616, stack(0x00000000264b0000,0x00000000265b0000)]
  0x000000001c17b000 JavaThread "Build operations" [_thread_blocked, id=2584, stack(0x0000000023a00000,0x0000000023b00000)]
  0x000000001c17c800 JavaThread "Cache worker for cache directory md-rule (C:\Users\ACER\.gradle\caches\5.4.1\md-rule)" [_thread_blocked, id=13620, stack(0x0000000022690000,0x0000000022790000)]
  0x000000001c172800 JavaThread "Cache worker for cache directory md-supplier (C:\Users\ACER\.gradle\caches\5.4.1\md-supplier)" [_thread_blocked, id=12068, stack(0x000000001fa80000,0x000000001fb80000)]
  0x000000001c179800 JavaThread "Cache worker for file hash cache (C:\Users\ACER\Desktop\BookManager_PS09981\.gradle\5.4.1\fileHashes)" [_thread_blocked, id=15072, stack(0x000000001f980000,0x000000001fa80000)]
  0x000000001c175000 JavaThread "Thread-564" [_thread_blocked, id=15812, stack(0x000000001f880000,0x000000001f980000)]
  0x000000001c178800 JavaThread "Stdin handler" [_thread_blocked, id=6112, stack(0x000000001f780000,0x000000001f880000)]
  0x000000001c171000 JavaThread "Asynchronous log dispatcher for DefaultDaemonConnection: socket connection from /127.0.0.1:52016 to /127.0.0.1:52955" [_thread_blocked, id=6308, stack(0x000000001be10000,0x000000001bf10000)]
  0x000000001c178000 JavaThread "Daemon worker Thread 16" [_thread_blocked, id=14820, stack(0x000000001bb10000,0x000000001bc10000)]
  0x000000001c170800 JavaThread "Cancel handler" [_thread_blocked, id=9768, stack(0x000000001ba10000,0x000000001bb10000)]
  0x000000001c174000 JavaThread "Handler for socket connection from /127.0.0.1:52016 to /127.0.0.1:52955" [_thread_in_native, id=4252, stack(0x000000001b710000,0x000000001b810000)]
  0x000000001c172000 JavaThread "Daemon Thread 16" [_thread_blocked, id=628, stack(0x000000001b610000,0x000000001b710000)]
  0x00000000209f2000 JavaThread "Cache worker for Java compile cache (C:\Users\ACER\.gradle\caches\5.4.1\javaCompile)" [_thread_blocked, id=15036, stack(0x0000000028760000,0x0000000028860000)]
  0x000000001c17e000 JavaThread "MarlinRenderer Disposer" daemon [_thread_blocked, id=7136, stack(0x0000000029160000,0x0000000029260000)]
  0x000000001c17d000 JavaThread "Java2D Disposer" daemon [_thread_blocked, id=13856, stack(0x0000000028e60000,0x0000000028f60000)]
  0x000000001c173800 JavaThread "Cache worker for file content cache (C:\Users\ACER\.gradle\caches\5.4.1\fileContent)" [_thread_blocked, id=9552, stack(0x0000000027b60000,0x0000000027c60000)]
  0x000000001db99800 JavaThread "Memory manager" [_thread_blocked, id=4044, stack(0x00000000263b0000,0x00000000264b0000)]
  0x000000001aacb000 JavaThread "Cache worker for execution history cache (C:\Users\ACER\.gradle\caches\5.4.1\executionHistory)" [_thread_blocked, id=10888, stack(0x00000000211c0000,0x00000000212c0000)]
  0x000000001aac8000 JavaThread "Cache worker for journal cache (C:\Users\ACER\.gradle\caches\journal-1)" [_thread_blocked, id=8788, stack(0x000000001d0e0000,0x000000001d1e0000)]
  0x000000001aac6800 JavaThread "File lock request listener" [_thread_in_native, id=1868, stack(0x000000001cfe0000,0x000000001d0e0000)]
  0x000000001aa3b800 JavaThread "Cache worker for file hash cache (C:\Users\ACER\.gradle\caches\5.4.1\fileHashes)" [_thread_blocked, id=7540, stack(0x000000001cee0000,0x000000001cfe0000)]
  0x00000000194d6000 JavaThread "Daemon periodic checks" [_thread_blocked, id=14064, stack(0x000000001b510000,0x000000001b610000)]
  0x000000001971e800 JavaThread "Incoming local TCP Connector on port 52016" [_thread_in_native, id=11800, stack(0x000000001b2d0000,0x000000001b3d0000)]
  0x000000001aa9d800 JavaThread "Daemon health stats" [_thread_blocked, id=2216, stack(0x000000001ac90000,0x000000001ad90000)]
  0x0000000018682800 JavaThread "Service Thread" daemon [_thread_blocked, id=7072, stack(0x00000000192c0000,0x00000000193c0000)]
  0x00000000185f9000 JavaThread "C1 CompilerThread3" daemon [_thread_blocked, id=9380, stack(0x00000000191c0000,0x00000000192c0000)]
  0x00000000167cb800 JavaThread "C2 CompilerThread2" daemon [_thread_blocked, id=11816, stack(0x00000000190c0000,0x00000000191c0000)]
  0x00000000185f4800 JavaThread "C2 CompilerThread1" daemon [_thread_blocked, id=456, stack(0x0000000018fc0000,0x00000000190c0000)]
=>0x00000000185ed800 JavaThread "C2 CompilerThread0" daemon [_thread_in_native, id=3880, stack(0x0000000018ec0000,0x0000000018fc0000)]
  0x00000000185ec000 JavaThread "Attach Listener" daemon [_thread_blocked, id=316, stack(0x0000000018dc0000,0x0000000018ec0000)]
  0x00000000185f6800 JavaThread "Signal Dispatcher" daemon [_thread_blocked, id=3384, stack(0x0000000018cc0000,0x0000000018dc0000)]
  0x000000000299e000 JavaThread "Finalizer" daemon [_thread_blocked, id=9000, stack(0x0000000018ac0000,0x0000000018bc0000)]
  0x0000000002995000 JavaThread "Reference Handler" daemon [_thread_blocked, id=7912, stack(0x00000000189c0000,0x0000000018ac0000)]
  0x00000000029fd800 JavaThread "main" [_thread_blocked, id=12976, stack(0x0000000002790000,0x0000000002890000)]

Other Threads:
  0x00000000167b8800 VMThread [stack: 0x00000000184c0000,0x00000000185c0000] [id=8320]
  0x000000001869b000 WatcherThread [stack: 0x00000000193c0000,0x00000000194c0000] [id=12452]

VM state:not at safepoint (normal execution)

VM Mutex/Monitor currently owned by a thread: None

heap address: 0x00000000a0000000, size: 1536 MB, Compressed Oops mode: 32-bit
Narrow klass base: 0x0000000000000000, Narrow klass shift: 3
Compressed class space size: 1073741824 Address: 0x0000000100000000

Heap:
 PSYoungGen      total 203776K, used 115837K [0x00000000e0000000, 0x00000000ef800000, 0x0000000100000000)
  eden space 183296K, 52% used [0x00000000e0000000,0x00000000e5d3e940,0x00000000eb300000)
  from space 20480K, 99% used [0x00000000eb800000,0x00000000ecbe0d48,0x00000000ecc00000)
  to   space 35328K, 0% used [0x00000000ed580000,0x00000000ed580000,0x00000000ef800000)
 ParOldGen       total 240640K, used 88566K [0x00000000a0000000, 0x00000000aeb00000, 0x00000000e0000000)
  object space 240640K, 36% used [0x00000000a0000000,0x00000000a567d8a8,0x00000000aeb00000)
 Metaspace       used 107741K, capacity 115074K, committed 115328K, reserved 1148928K
  class space    used 13574K, capacity 14876K, committed 14976K, reserved 1048576K

Card table byte_map: [0x0000000011dc0000,0x00000000120d0000] byte_map_base: 0x00000000118c0000

Marking Bits: (ParMarkBitMap*) 0x000000006d009f30
 Begin Bits: [0x0000000012ad0000, 0x00000000142d0000)
 End Bits:   [0x00000000142d0000, 0x0000000015ad0000)

Polling page: 0x00000000009f0000

CodeCache: size=245760Kb used=72777Kb max_used=72803Kb free=172982Kb
 bounds [0x0000000002a00000, 0x0000000007190000, 0x0000000011a00000]
 total_blobs=21171 nmethods=20158 adapters=923
 compilation: enabled

Compilation events (10 events):
Event: 7826.888 Thread 0x00000000185f4800 nmethod 27245 0x0000000007162490 code [0x0000000007162640, 0x0000000007162c50]
Event: 7826.910 Thread 0x00000000167cb800 nmethod 27240 0x00000000071748d0 code [0x0000000007174d60, 0x000000000717a560]
Event: 7827.166 Thread 0x00000000185f4800 27248       4       org.gradle.api.internal.tasks.properties.CompositePropertyVisitor::visitOutputFilePropertiesOnly (40 bytes)
Event: 7827.167 Thread 0x00000000185f9000 27249   !   3       org.gradle.api.internal.provider.DefaultProvider::getOrNull (16 bytes)
Event: 7827.168 Thread 0x00000000185f4800 nmethod 27248 0x000000000715b910 code [0x000000000715ba60, 0x000000000715bb38]
Event: 7827.168 Thread 0x00000000185f9000 nmethod 27249 0x0000000007161ed0 code [0x0000000007162060, 0x0000000007162338]
Event: 7827.190 Thread 0x00000000167cb800 27250       4       org.gradle.api.internal.tasks.properties.bean.AbstractNestedRuntimeBeanNode$BeanPropertyValue::maybeFinalizeValue (34 bytes)
Event: 7827.193 Thread 0x00000000167cb800 nmethod 27250 0x0000000007164a90 code [0x0000000007164c00, 0x0000000007164da8]
Event: 7827.205 Thread 0x00000000185f4800 27251       4       org.gradle.api.internal.tasks.properties.AbstractValidatingProperty::validate (65 bytes)
Event: 7827.210 Thread 0x00000000185f4800 nmethod 27251 0x0000000007163d90 code [0x0000000007163f40, 0x00000000071644d8]

GC Heap History (10 events):
Event: 7166.147 GC heap before
{Heap before GC invocations=47 (full 4):
 PSYoungGen      total 237568K, used 225313K [0x00000000e0000000, 0x00000000f1100000, 0x0000000100000000)
  eden space 209920K, 100% used [0x00000000e0000000,0x00000000ecd00000,0x00000000ecd00000)
  from space 27648K, 55% used [0x00000000ef600000,0x00000000f05084b8,0x00000000f1100000)
  to   space 34816K, 0% used [0x00000000ecd00000,0x00000000ecd00000,0x00000000eef00000)
 ParOldGen       total 240640K, used 88078K [0x00000000a0000000, 0x00000000aeb00000, 0x00000000e0000000)
  object space 240640K, 36% used [0x00000000a0000000,0x00000000a5603888,0x00000000aeb00000)
 Metaspace       used 101429K, capacity 108120K, committed 108288K, reserved 1142784K
  class space    used 12815K, capacity 13983K, committed 14080K, reserved 1048576K
Event: 7166.169 GC heap after
Heap after GC invocations=47 (full 4):
 PSYoungGen      total 216064K, used 11568K [0x00000000e0000000, 0x00000000f0a80000, 0x0000000100000000)
  eden space 204288K, 0% used [0x00000000e0000000,0x00000000e0000000,0x00000000ec780000)
  from space 11776K, 98% used [0x00000000ecd00000,0x00000000ed84c020,0x00000000ed880000)
  to   space 34304K, 0% used [0x00000000ee900000,0x00000000ee900000,0x00000000f0a80000)
 ParOldGen       total 240640K, used 88198K [0x00000000a0000000, 0x00000000aeb00000, 0x00000000e0000000)
  object space 240640K, 36% used [0x00000000a0000000,0x00000000a5621898,0x00000000aeb00000)
 Metaspace       used 101429K, capacity 108120K, committed 108288K, reserved 1142784K
  class space    used 12815K, capacity 13983K, committed 14080K, reserved 1048576K
}
Event: 7350.952 GC heap before
{Heap before GC invocations=48 (full 4):
 PSYoungGen      total 216064K, used 215856K [0x00000000e0000000, 0x00000000f0a80000, 0x0000000100000000)
  eden space 204288K, 100% used [0x00000000e0000000,0x00000000ec780000,0x00000000ec780000)
  from space 11776K, 98% used [0x00000000ecd00000,0x00000000ed84c020,0x00000000ed880000)
  to   space 34304K, 0% used [0x00000000ee900000,0x00000000ee900000,0x00000000f0a80000)
 ParOldGen       total 240640K, used 88198K [0x00000000a0000000, 0x00000000aeb00000, 0x00000000e0000000)
  object space 240640K, 36% used [0x00000000a0000000,0x00000000a5621898,0x00000000aeb00000)
 Metaspace       used 101615K, capacity 108410K, committed 108544K, reserved 1144832K
  class space    used 12844K, capacity 14030K, committed 14080K, reserved 1048576K
Event: 7350.982 GC heap after
Heap after GC invocations=48 (full 4):
 PSYoungGen      total 226304K, used 11377K [0x00000000e0000000, 0x00000000f0400000, 0x0000000100000000)
  eden space 198656K, 0% used [0x00000000e0000000,0x00000000e0000000,0x00000000ec200000)
  from space 27648K, 41% used [0x00000000ee900000,0x00000000ef41c4a8,0x00000000f0400000)
  to   space 33792K, 0% used [0x00000000ec200000,0x00000000ec200000,0x00000000ee300000)
 ParOldGen       total 240640K, used 88294K [0x00000000a0000000, 0x00000000aeb00000, 0x00000000e0000000)
  object space 240640K, 36% used [0x00000000a0000000,0x00000000a5639898,0x00000000aeb00000)
 Metaspace       used 101615K, capacity 108410K, committed 108544K, reserved 1144832K
  class space    used 12844K, capacity 14030K, committed 14080K, reserved 1048576K
}
Event: 7360.186 GC heap before
{Heap before GC invocations=49 (full 4):
 PSYoungGen      total 226304K, used 210033K [0x00000000e0000000, 0x00000000f0400000, 0x0000000100000000)
  eden space 198656K, 100% used [0x00000000e0000000,0x00000000ec200000,0x00000000ec200000)
  from space 27648K, 41% used [0x00000000ee900000,0x00000000ef41c4a8,0x00000000f0400000)
  to   space 33792K, 0% used [0x00000000ec200000,0x00000000ec200000,0x00000000ee300000)
 ParOldGen       total 240640K, used 88294K [0x00000000a0000000, 0x00000000aeb00000, 0x00000000e0000000)
  object space 240640K, 36% used [0x00000000a0000000,0x00000000a5639898,0x00000000aeb00000)
 Metaspace       used 106336K, capacity 113472K, committed 113792K, reserved 1148928K
  class space    used 13369K, capacity 14621K, committed 14720K, reserved 1048576K
Event: 7360.277 GC heap after
Heap after GC invocations=49 (full 4):
 PSYoungGen      total 212992K, used 19392K [0x00000000e0000000, 0x00000000efd00000, 0x0000000100000000)
  eden space 193536K, 0% used [0x00000000e0000000,0x00000000e0000000,0x00000000ebd00000)
  from space 19456K, 99% used [0x00000000ec200000,0x00000000ed4f0310,0x00000000ed500000)
  to   space 32768K, 0% used [0x00000000edd00000,0x00000000edd00000,0x00000000efd00000)
 ParOldGen       total 240640K, used 88390K [0x00000000a0000000, 0x00000000aeb00000, 0x00000000e0000000)
  object space 240640K, 36% used [0x00000000a0000000,0x00000000a56518a8,0x00000000aeb00000)
 Metaspace       used 106336K, capacity 113472K, committed 113792K, reserved 1148928K
  class space    used 13369K, capacity 14621K, committed 14720K, reserved 1048576K
}
Event: 7607.330 GC heap before
{Heap before GC invocations=50 (full 4):
 PSYoungGen      total 212992K, used 212928K [0x00000000e0000000, 0x00000000efd00000, 0x0000000100000000)
  eden space 193536K, 100% used [0x00000000e0000000,0x00000000ebd00000,0x00000000ebd00000)
  from space 19456K, 99% used [0x00000000ec200000,0x00000000ed4f0310,0x00000000ed500000)
  to   space 32768K, 0% used [0x00000000edd00000,0x00000000edd00000,0x00000000efd00000)
 ParOldGen       total 240640K, used 88390K [0x00000000a0000000, 0x00000000aeb00000, 0x00000000e0000000)
  object space 240640K, 36% used [0x00000000a0000000,0x00000000a56518a8,0x00000000aeb00000)
 Metaspace       used 107275K, capacity 114658K, committed 114944K, reserved 1148928K
  class space    used 13500K, capacity 14796K, committed 14848K, reserved 1048576K
Event: 7607.364 GC heap after
Heap after GC invocations=50 (full 4):
 PSYoungGen      total 221184K, used 30112K [0x00000000e0000000, 0x00000000eff00000, 0x0000000100000000)
  eden space 188416K, 0% used [0x00000000e0000000,0x00000000e0000000,0x00000000eb800000)
  from space 32768K, 91% used [0x00000000edd00000,0x00000000efa68228,0x00000000efd00000)
  to   space 36352K, 0% used [0x00000000eb800000,0x00000000eb800000,0x00000000edb80000)
 ParOldGen       total 240640K, used 88470K [0x00000000a0000000, 0x00000000aeb00000, 0x00000000e0000000)
  object space 240640K, 36% used [0x00000000a0000000,0x00000000a56658a8,0x00000000aeb00000)
 Metaspace       used 107275K, capacity 114658K, committed 114944K, reserved 1148928K
  class space    used 13500K, capacity 14796K, committed 14848K, reserved 1048576K
}
Event: 7825.789 GC heap before
{Heap before GC invocations=51 (full 4):
 PSYoungGen      total 221184K, used 218528K [0x00000000e0000000, 0x00000000eff00000, 0x0000000100000000)
  eden space 188416K, 100% used [0x00000000e0000000,0x00000000eb800000,0x00000000eb800000)
  from space 32768K, 91% used [0x00000000edd00000,0x00000000efa68228,0x00000000efd00000)
  to   space 36352K, 0% used [0x00000000eb800000,0x00000000eb800000,0x00000000edb80000)
 ParOldGen       total 240640K, used 88470K [0x00000000a0000000, 0x00000000aeb00000, 0x00000000e0000000)
  object space 240640K, 36% used [0x00000000a0000000,0x00000000a56658a8,0x00000000aeb00000)
 Metaspace       used 107729K, capacity 115074K, committed 115328K, reserved 1148928K
  class space    used 13573K, capacity 14876K, committed 14976K, reserved 1048576K
Event: 7825.849 GC heap after
Heap after GC invocations=51 (full 4):
 PSYoungGen      total 203776K, used 20355K [0x00000000e0000000, 0x00000000ef800000, 0x0000000100000000)
  eden space 183296K, 0% used [0x00000000e0000000,0x00000000e0000000,0x00000000eb300000)
  from space 20480K, 99% used [0x00000000eb800000,0x00000000ecbe0d48,0x00000000ecc00000)
  to   space 35328K, 0% used [0x00000000ed580000,0x00000000ed580000,0x00000000ef800000)
 ParOldGen       total 240640K, used 88566K [0x00000000a0000000, 0x00000000aeb00000, 0x00000000e0000000)
  object space 240640K, 36% used [0x00000000a0000000,0x00000000a567d8a8,0x00000000aeb00000)
 Metaspace       used 107729K, capacity 115074K, committed 115328K, reserved 1148928K
  class space    used 13573K, capacity 14876K, committed 14976K, reserved 1048576K
}

Deoptimization events (10 events):
Event: 7360.734 Thread 0x000000001c170800 Uncommon trap: reason=class_check action=maybe_recompile pc=0x0000000004b60b9c method=org.gradle.internal.classloader.VisitableURLClassLoader.visit(Lorg/gradle/internal/classloader/ClassLoaderVisitor;)V @ 21
Event: 7360.734 Thread 0x000000001c170800 Uncommon trap: reason=class_check action=maybe_recompile pc=0x000000000490f8e8 method=org.gradle.internal.classloader.CachingClassLoader.visit(Lorg/gradle/internal/classloader/ClassLoaderVisitor;)V @ 8
Event: 7360.760 Thread 0x000000001c170800 Uncommon trap: reason=class_check action=maybe_recompile pc=0x0000000004b60b9c method=org.gradle.internal.classloader.VisitableURLClassLoader.visit(Lorg/gradle/internal/classloader/ClassLoaderVisitor;)V @ 21
Event: 7360.887 Thread 0x000000001c174000 Uncommon trap: reason=unstable_if action=reinterpret pc=0x00000000060d4830 method=java.nio.DirectByteBuffer.put([BII)Ljava/nio/ByteBuffer; @ 8
Event: 7604.977 Thread 0x000000001db8c800 Uncommon trap: reason=unstable_if action=reinterpret pc=0x0000000004b79384 method=org.gradle.internal.logging.sink.OutputEventRenderer.onOutput(Lorg/gradle/internal/logging/events/OutputEvent;)V @ 24
Event: 7606.717 Thread 0x00000000209ea000 Uncommon trap: reason=unstable_if action=reinterpret pc=0x00000000034d5b94 method=java.util.concurrent.locks.ReentrantLock$Sync.nonfairTryAcquire(I)Z @ 19
Event: 7607.089 Thread 0x00000000209ef800 Uncommon trap: reason=array_check action=maybe_recompile pc=0x0000000006d9a6ac method=java.util.ComparableTimSort.mergeHi(IIII)V @ 415
Event: 7607.089 Thread 0x00000000209ef800 Uncommon trap: reason=array_check action=maybe_recompile pc=0x0000000006d9a6ac method=java.util.ComparableTimSort.mergeHi(IIII)V @ 415
Event: 7607.090 Thread 0x00000000209ef800 Uncommon trap: reason=array_check action=maybe_recompile pc=0x0000000006cc7b18 method=java.util.ComparableTimSort.mergeHi(IIII)V @ 654
Event: 7607.090 Thread 0x00000000209ef800 Uncommon trap: reason=array_check action=maybe_recompile pc=0x0000000006cc7b18 method=java.util.ComparableTimSort.mergeHi(IIII)V @ 654

Classes redefined (0 events):
No events

Internal exceptions (10 events):
Event: 7826.297 Thread 0x000000001c178000 Exception <a 'sun/nio/fs/WindowsException'> (0x00000000e1b0fca8) thrown at [D:\src\AOSP-openjdk-cygwin\jdk8u\hotspot\src\share\vm\prims\jni.cpp, line 710]
Event: 7826.297 Thread 0x000000001c178000 Exception <a 'sun/nio/fs/WindowsException'> (0x00000000e1b10890) thrown at [D:\src\AOSP-openjdk-cygwin\jdk8u\hotspot\src\share\vm\prims\jni.cpp, line 710]
Event: 7826.297 Thread 0x000000001c178000 Exception <a 'sun/nio/fs/WindowsException'> (0x00000000e1b137b0) thrown at [D:\src\AOSP-openjdk-cygwin\jdk8u\hotspot\src\share\vm\prims\jni.cpp, line 710]
Event: 7826.297 Thread 0x000000001c178000 Exception <a 'sun/nio/fs/WindowsException'> (0x00000000e1b14398) thrown at [D:\src\AOSP-openjdk-cygwin\jdk8u\hotspot\src\share\vm\prims\jni.cpp, line 710]
Event: 7826.297 Thread 0x000000001c178000 Exception <a 'sun/nio/fs/WindowsException'> (0x00000000e1b16ae0) thrown at [D:\src\AOSP-openjdk-cygwin\jdk8u\hotspot\src\share\vm\prims\jni.cpp, line 710]
Event: 7826.297 Thread 0x000000001c178000 Exception <a 'sun/nio/fs/WindowsException'> (0x00000000e1b176c8) thrown at [D:\src\AOSP-openjdk-cygwin\jdk8u\hotspot\src\share\vm\prims\jni.cpp, line 710]
Event: 7826.298 Thread 0x000000001c178000 Exception <a 'sun/nio/fs/WindowsException'> (0x00000000e1b1a860) thrown at [D:\src\AOSP-openjdk-cygwin\jdk8u\hotspot\src\share\vm\prims\jni.cpp, line 710]
Event: 7826.298 Thread 0x000000001c178000 Exception <a 'sun/nio/fs/WindowsException'> (0x00000000e1b1b448) thrown at [D:\src\AOSP-openjdk-cygwin\jdk8u\hotspot\src\share\vm\prims\jni.cpp, line 710]
Event: 7826.298 Thread 0x000000001c178000 Exception <a 'sun/nio/fs/WindowsException'> (0x00000000e1b1dc08) thrown at [D:\src\AOSP-openjdk-cygwin\jdk8u\hotspot\src\share\vm\prims\jni.cpp, line 710]
Event: 7826.298 Thread 0x000000001c178000 Exception <a 'sun/nio/fs/WindowsException'> (0x00000000e1b1e7f0) thrown at [D:\src\AOSP-openjdk-cygwin\jdk8u\hotspot\src\share\vm\prims\jni.cpp, line 710]

Events (10 events):
Event: 7826.491 Executing VM operation: RevokeBias done
Event: 7826.491 Executing VM operation: BulkRevokeBias
Event: 7826.491 Executing VM operation: BulkRevokeBias done
Event: 7826.584 Thread 0x00000000185f9000 flushing nmethod 0x0000000004b78a90
Event: 7826.806 Thread 0x000000001db8f800 Thread added: 0x000000001db8f800
Event: 7826.806 Thread 0x000000001db90800 Thread added: 0x000000001db90800
Event: 7826.863 Thread 0x000000001db8c800 Thread added: 0x000000001db8c800
Event: 7826.863 Thread 0x000000001db92000 Thread added: 0x000000001db92000
Event: 7827.190 Executing VM operation: BulkRevokeBias
Event: 7827.191 Executing VM operation: BulkRevokeBias done


Dynamic libraries:
0x00007ff785000000 - 0x00007ff785031000 	C:\Program Files\Android\Android Studio3\jre\bin\java.exe
0x00007ffdd8b40000 - 0x00007ffdd8d30000 	C:\Windows\SYSTEM32\ntdll.dll
0x00007ffdd3580000 - 0x00007ffdd3593000 	C:\Program Files\AVAST Software\Avast\aswhook.dll
0x00007ffdd6bf0000 - 0x00007ffdd6ca2000 	C:\Windows\System32\KERNEL32.DLL
0x00007ffdd5ad0000 - 0x00007ffdd5d73000 	C:\Windows\System32\KERNELBASE.dll
0x00007ffdd6e40000 - 0x00007ffdd6ee3000 	C:\Windows\System32\ADVAPI32.dll
0x00007ffdd7e20000 - 0x00007ffdd7ebe000 	C:\Windows\System32\msvcrt.dll
0x00007ffdd89f0000 - 0x00007ffdd8a87000 	C:\Windows\System32\sechost.dll
0x00007ffdd7ec0000 - 0x00007ffdd7fe0000 	C:\Windows\System32\RPCRT4.dll
0x00007ffdd8450000 - 0x00007ffdd85e4000 	C:\Windows\System32\USER32.dll
0x00007ffdd60d0000 - 0x00007ffdd60f1000 	C:\Windows\System32\win32u.dll
0x00007ffdd89c0000 - 0x00007ffdd89e6000 	C:\Windows\System32\GDI32.dll
0x00007ffdd61a0000 - 0x00007ffdd6334000 	C:\Windows\System32\gdi32full.dll
0x00007ffdd6100000 - 0x00007ffdd619e000 	C:\Windows\System32\msvcp_win.dll
0x00007ffdd5d80000 - 0x00007ffdd5e7a000 	C:\Windows\System32\ucrtbase.dll
0x00007ffdd51a0000 - 0x00007ffdd5425000 	C:\Windows\WinSxS\amd64_microsoft.windows.common-controls_6595b64144ccf1df_6.0.18362.778_none_e6c6b761130d4fb8\COMCTL32.dll
0x00007ffdd8650000 - 0x00007ffdd8986000 	C:\Windows\System32\combase.dll
0x00007ffdd6b70000 - 0x00007ffdd6bf0000 	C:\Windows\System32\bcryptPrimitives.dll
0x00007ffdd8990000 - 0x00007ffdd89be000 	C:\Windows\System32\IMM32.DLL
0x000000006c680000 - 0x000000006c752000 	C:\Program Files\Android\Android Studio3\jre\jre\bin\msvcr100.dll
0x000000006c840000 - 0x000000006d086000 	C:\Program Files\Android\Android Studio3\jre\jre\bin\server\jvm.dll
0x00007ffdd7030000 - 0x00007ffdd7038000 	C:\Windows\System32\PSAPI.DLL
0x00007ffdc3be0000 - 0x00007ffdc3be9000 	C:\Windows\SYSTEM32\WSOCK32.dll
0x00007ffdd8a90000 - 0x00007ffdd8aff000 	C:\Windows\System32\WS2_32.dll
0x00007ffdd34f0000 - 0x00007ffdd3514000 	C:\Windows\SYSTEM32\WINMM.dll
0x00007ffdd00e0000 - 0x00007ffdd00ea000 	C:\Windows\SYSTEM32\VERSION.dll
0x00007ffdd33c0000 - 0x00007ffdd33ed000 	C:\Windows\SYSTEM32\WINMMBASE.dll
0x00007ffdd6b20000 - 0x00007ffdd6b6a000 	C:\Windows\System32\cfgmgr32.dll
0x00007ffdab020000 - 0x00007ffdab02f000 	C:\Program Files\Android\Android Studio3\jre\jre\bin\verify.dll
0x00007ffda8ec0000 - 0x00007ffda8ee9000 	C:\Program Files\Android\Android Studio3\jre\jre\bin\java.dll
0x00007ffda8ea0000 - 0x00007ffda8eb6000 	C:\Program Files\Android\Android Studio3\jre\jre\bin\zip.dll
0x00007ffdd73d0000 - 0x00007ffdd7ab5000 	C:\Windows\System32\SHELL32.dll
0x00007ffdd7ac0000 - 0x00007ffdd7b69000 	C:\Windows\System32\shcore.dll
0x00007ffdd63a0000 - 0x00007ffdd6b20000 	C:\Windows\System32\windows.storage.dll
0x00007ffdd5a80000 - 0x00007ffdd5aa3000 	C:\Windows\System32\profapi.dll
0x00007ffdd5a30000 - 0x00007ffdd5a7a000 	C:\Windows\System32\powrprof.dll
0x00007ffdd5a00000 - 0x00007ffdd5a10000 	C:\Windows\System32\UMPDC.dll
0x00007ffdd85f0000 - 0x00007ffdd8642000 	C:\Windows\System32\shlwapi.dll
0x00007ffdd5ab0000 - 0x00007ffdd5ac1000 	C:\Windows\System32\kernel.appcore.dll
0x00007ffdd5fd0000 - 0x00007ffdd5fe7000 	C:\Windows\System32\cryptsp.dll
0x00007ffda8dc0000 - 0x00007ffda8dda000 	C:\Program Files\Android\Android Studio3\jre\jre\bin\net.dll
0x00007ffdc5d00000 - 0x00007ffdc5ed5000 	C:\Windows\SYSTEM32\urlmon.dll
0x00007ffdc6650000 - 0x00007ffdc68f6000 	C:\Windows\SYSTEM32\iertutil.dll
0x00007ffdd4d60000 - 0x00007ffdd4d6c000 	C:\Windows\SYSTEM32\CRYPTBASE.DLL
0x00007ffdd4b90000 - 0x00007ffdd4bf7000 	C:\Windows\system32\mswsock.dll
0x00007ffda8da0000 - 0x00007ffda8db3000 	C:\Program Files\Android\Android Studio3\jre\jre\bin\nio.dll
0x00007ffda8060000 - 0x00007ffda8086000 	C:\Users\ACER\.gradle\native\29\windows-amd64\native-platform.dll
0x00007ffdaad90000 - 0x00007ffdaad9d000 	C:\Program Files\Android\Android Studio3\jre\jre\bin\management.dll
0x00007ffdd4700000 - 0x00007ffdd4733000 	C:\Windows\system32\rsaenh.dll
0x00007ffdd60a0000 - 0x00007ffdd60c6000 	C:\Windows\System32\bcrypt.dll
0x00007ffdd5920000 - 0x00007ffdd5945000 	C:\Windows\SYSTEM32\USERENV.dll
0x00007ffdd48a0000 - 0x00007ffdd48da000 	C:\Windows\SYSTEM32\IPHLPAPI.DLL
0x00007ffdd6cb0000 - 0x00007ffdd6cb8000 	C:\Windows\System32\NSI.dll
0x00007ffdcdeb0000 - 0x00007ffdcdec6000 	C:\Windows\SYSTEM32\dhcpcsvc6.DLL
0x00007ffdce370000 - 0x00007ffdce38c000 	C:\Windows\SYSTEM32\dhcpcsvc.DLL
0x00007ffdd48e0000 - 0x00007ffdd49aa000 	C:\Windows\SYSTEM32\DNSAPI.dll
0x00007ffda8bb0000 - 0x00007ffda8d4c000 	C:\Program Files\Android\Android Studio3\jre\jre\bin\awt.dll
0x00007ffdd6d70000 - 0x00007ffdd6e34000 	C:\Windows\System32\OLEAUT32.dll
0x00007ffdd3c10000 - 0x00007ffdd3c3d000 	C:\Windows\SYSTEM32\dwmapi.dll
0x00007ffdd2100000 - 0x00007ffdd26c0000 	C:\Windows\SYSTEM32\d2d1.dll
0x00007ffdd3650000 - 0x00007ffdd36df000 	C:\Windows\SYSTEM32\apphelp.dll
0x00007ffdd37f0000 - 0x00007ffdd3889000 	C:\Windows\system32\uxtheme.dll

VM Arguments:
jvm_args: -Xmx1536m -Dfile.encoding=windows-1252 -Duser.country=US -Duser.language=en -Duser.variant 
java_command: org.gradle.launcher.daemon.bootstrap.GradleDaemon 5.4.1
java_class_path (initial): C:\Users\ACER\.gradle\wrapper\dists\gradle-5.4.1-all\3221gyojl5jsh0helicew7rwx\gradle-5.4.1\lib\gradle-launcher-5.4.1.jar
Launcher Type: SUN_STANDARD

Environment Variables:
PATH=C:\Program Files (x86)\Common Files\Oracle\Java\javapath;C:\ProgramData\Oracle\Java\javapath;C:\Windows\system32;C:\Windows;C:\Windows\System32\Wbem;C:\Windows\System32\WindowsPowerShell\v1.0\;C:\Windows\System32\OpenSSH\;C:\Users\ACER\AppData\Local\Microsoft\WindowsApps;
USERNAME=ACER
OS=Windows_NT
PROCESSOR_IDENTIFIER=Intel64 Family 6 Model 142 Stepping 10, GenuineIntel



---------------  S Y S T E M  ---------------

OS: Windows 10.0 , 64 bit Build 18362 (10.0.18362.778)

CPU:total 8 (initial active 8) (4 cores per cpu, 2 threads per core) family 6 model 142 stepping 10, cmov, cx8, fxsr, mmx, sse, sse2, sse3, ssse3, sse4.1, sse4.2, popcnt, avx, avx2, aes, clmul, erms, 3dnowpref, lzcnt, ht, tsc, tscinvbit, bmi1, bmi2, adx

Memory: 4k page, physical 8261220k(262496k free), swap 33427044k(5528k free)

vm_info: OpenJDK 64-Bit Server VM (25.212-b04) for windows-amd64 JRE (1.8.0_212-release-1586-b04), built by "builder" with MS VC++ 10.0 (VS2010)

time: Thu May 14 04:41:39 2020
timezone: SE Asia Standard Time
elapsed time: 7827 seconds (0d 2h 10m 27s)

